<?xml version="1.0" encoding="UTF-8"?>
<!-- Generated by org.testng.reporters.JUnitReportReporter -->
<testsuite name="Website_Test.Test_website" tests="2" time="8.009" ignored="0" failures="0" timestamp="26 Mar 2018 10:49:28 GMT" skipped="0" hostname="net04-PC" errors="0">
  <testcase name="client_link" time="6.004" classname="Website_Test.Test_website"/>
  <testcase name="verify_links" time="2.005" classname="Website_Test.Test_website"/>
</testsuite> <!-- Website_Test.Test_website -->
