<?xml version="1.0" encoding="UTF-8"?>
<!-- Generated by org.testng.reporters.JUnitReportReporter -->
<testsuite name="Website_Test.mailer" tests="1" time="3.375" ignored="0" failures="0" timestamp="10 Apr 2018 08:29:32 GMT" skipped="0" hostname="net04-PC" errors="0">
  <testcase name="run" time="3.375" classname="Website_Test.mailer"/>
</testsuite> <!-- Website_Test.mailer -->
